[01:36:25] [Server thread/INFO]: Starting minecraft server version 1.8.8
[01:36:25] [Server thread/INFO]: Loading properties
[01:36:25] [Server thread/INFO]: Default game type: SURVIVAL
[01:36:26] [Server thread/INFO]: This server is running CraftBukkit version git-PaperSpigot-445 (MC: 1.8.8) (Implementing API version 1.8.8-R0.1-SNAPSHOT)
[01:36:26] [Server thread/INFO]: Debug logging is disabled
[01:36:26] [Server thread/INFO]: Spigot Timings: true - Verbose: true - Interval: 5m - Length: 60m
[01:36:26] [Server thread/INFO]: Server Ping Player Sample Count: 12

[01:36:26] [Server thread/INFO]: Using 4 threads for Netty based IO
[01:36:26] [Server thread/INFO]: Data value allowed items: 
[01:36:26] [Server thread/WARN]: java.lang.NoSuchFieldException: modifiers

[01:36:26] [Server thread/WARN]: 	at java.base/java.lang.Class.getDeclaredField(Class.java:2782)

[01:36:26] [Server thread/WARN]: 	at org.github.paperspigot.PaperSpigotConfig.stackableBuckets(PaperSpigotConfig.java:192)

[01:36:26] [Server thread/WARN]: 	at java.base/jdk.internal.reflect.DirectMethodHandleAccessor.invoke(DirectMethodHandleAccessor.java:103)

[01:36:26] [Server thread/WARN]: 	at java.base/java.lang.reflect.Method.invoke(Method.java:580)

[01:36:26] [Server thread/WARN]: 	at org.github.paperspigot.PaperSpigotConfig.readConfig(PaperSpigotConfig.java:84)

[01:36:26] [Server thread/WARN]: 	at org.github.paperspigot.PaperSpigotConfig.init(PaperSpigotConfig.java:62)

[01:36:26] [Server thread/WARN]: 	at net.minecraft.server.v1_8_R3.DedicatedServer.init(DedicatedServer.java:181)

[01:36:26] [Server thread/WARN]: 	at net.minecraft.server.v1_8_R3.MinecraftServer.run(MinecraftServer.java:563)

[01:36:26] [Server thread/WARN]: 	at java.base/java.lang.Thread.run(Thread.java:1583)

[01:36:26] [Server thread/INFO]: Generating keypair
[01:36:26] [Server thread/INFO]: Starting Minecraft server on localhost:25565
[01:36:26] [Server thread/INFO]: Your platform does not provide complete low-level API for accessing direct buffers reliably. Unless explicitly requested, heap buffer will always be preferred to avoid potential system unstability.
[01:36:26] [Server thread/INFO]: Using default channel type
[01:36:26] [Server thread/ERROR]: Ambiguous plugin name `EaglerPluginInstaller' for files `plugins/EaglerPluginInstaller.jar' and `plugins/EaglerPluginInstaller-1.1.5.jar' in `plugins'
[01:36:26] [Server thread/INFO]: Set PluginClassLoader as parallel capable
[01:36:26] [Server thread/INFO]: [SimpleTpa] Loading SimpleTpa v6.4
[01:36:26] [Server thread/INFO]: [[EaglerPluginInstaller]] Loading EaglerPluginInstaller v1.1.4
[01:36:26] [Server thread/INFO]: [CrackShot] Loading CrackShot v0.93
[01:36:26] [Server thread/INFO]: [SimpleHomes] Loading SimpleHomes v2.2
[01:36:26] [Server thread/INFO]: [Citizens] Loading Citizens v2.0.8-SNAPSHOT (build 803)
[01:36:26] [Server thread/INFO]: [WorldEdit] Loading WorldEdit v6.1;no_git_id
[01:36:26] [Server thread/INFO]: [[EaglerPluginUpdater]] Loading EaglerPluginUpdater v1.1.2
[01:36:26] [Server thread/INFO]: [LoginSecurity] Loading LoginSecurity v3.2.0
[01:36:26] [Server thread/WARN]: **** SERVER IS RUNNING IN OFFLINE/INSECURE MODE!
[01:36:26] [Server thread/WARN]: The server will make no attempt to authenticate usernames. Beware.
[01:36:26] [Server thread/WARN]: Whilst this makes it possible to use BungeeCord, unless access to your server is properly restricted, it also opens up the ability for hackers to connect with any username they choose.
[01:36:26] [Server thread/WARN]: Please see http://www.spigotmc.org/wiki/firewall-guide/ for further information.
[01:36:26] [Server thread/WARN]: To change this, set "online-mode" to "true" in the server.properties file.
[01:36:26] [Server thread/INFO]: **** Beginning UUID conversion, this may take A LONG time ****
[01:36:26] [Server thread/INFO]: Preparing level "world"
[01:36:26] [Server thread/INFO]: -------- World Settings For [world] --------
[01:36:26] [Server thread/INFO]: Mob Spawn Range: 4
[01:36:26] [Server thread/INFO]: Anti X-Ray: true
[01:36:26] [Server thread/INFO]: 	Engine Mode: 1
[01:36:26] [Server thread/INFO]: 	Hidden Blocks: [14, 15, 16, 21, 48, 49, 54, 56, 73, 74, 82, 129, 130]
[01:36:26] [Server thread/INFO]: 	Replace Blocks: [1, 5]
[01:36:26] [Server thread/INFO]: Nerfing mobs spawned from spawners: false
[01:36:26] [Server thread/INFO]: Cactus Growth Modifier: 100%
[01:36:26] [Server thread/INFO]: Cane Growth Modifier: 100%
[01:36:26] [Server thread/INFO]: Melon Growth Modifier: 100%
[01:36:26] [Server thread/INFO]: Mushroom Growth Modifier: 100%
[01:36:26] [Server thread/INFO]: Pumpkin Growth Modifier: 100%
[01:36:26] [Server thread/INFO]: Sapling Growth Modifier: 100%
[01:36:26] [Server thread/INFO]: Wheat Growth Modifier: 100%
[01:36:26] [Server thread/INFO]: NetherWart Growth Modifier: 100%
[01:36:26] [Server thread/INFO]: Entity Activation Range: An 32 / Mo 32 / Mi 16
[01:36:26] [Server thread/INFO]: Entity Tracking Range: Pl 48 / An 48 / Mo 48 / Mi 32 / Other 64
[01:36:26] [Server thread/INFO]: Hopper Transfer: 8 Hopper Check: 8 Hopper Amount: 1
[01:36:26] [Server thread/INFO]: Random Lighting Updates: false
[01:36:26] [Server thread/INFO]: Structure Info Saving: true
[01:36:26] [Server thread/INFO]: Sending up to 10 chunks per packet
[01:36:26] [Server thread/INFO]: Max Entity Collisions: 8
[01:36:26] [Server thread/INFO]: Custom Map Seeds:  Village: 10387312 Feature: 14357617
[01:36:26] [Server thread/INFO]: Max TNT Explosions: 100
[01:36:26] [Server thread/INFO]: Tile Max Tick Time: 50ms Entity max Tick Time: 50ms
[01:36:26] [Server thread/INFO]: Item Despawn Rate: 6000
[01:36:26] [Server thread/INFO]: Item Merge Radius: 2.5
[01:36:26] [Server thread/INFO]: Arrow Despawn Rate: 1200
[01:36:26] [Server thread/INFO]: Allow Zombie Pigmen to spawn from portal blocks: true
[01:36:26] [Server thread/INFO]: View Distance: 4
[01:36:26] [Server thread/INFO]: Zombie Aggressive Towards Villager: true
[01:36:26] [Server thread/INFO]: Chunks to Grow per Tick: 650
[01:36:26] [Server thread/INFO]: Clear tick list: false
[01:36:26] [Server thread/INFO]: Experience Merge Radius: 3.0
[01:36:26] [Server thread/INFO]: -------- World Settings For [world] --------
[01:36:26] [Server thread/INFO]: Squids will spawn between Y: 45.0 and Y: 63.0
[01:36:26] [Server thread/INFO]: Max height for cactus growth 3. Max height for reed growth 3
[01:36:26] [Server thread/INFO]: Player blocking damage multiplier set to 0.5
[01:36:26] [Server thread/INFO]: Remove invalid mob spawner tile entities: true
[01:36:26] [Server thread/INFO]: Living Entity Despawn Ranges:  Soft: 32 Hard: 128
[01:36:26] [Server thread/INFO]: Water over lava flow speed: 5
[01:36:26] [Server thread/INFO]: Fix TNT cannons: false
[01:36:26] [Server thread/INFO]: Allow undead horse types to be leashed: false
[01:36:26] [Server thread/INFO]: Keep spawn chunk loaded: true
[01:36:26] [Server thread/INFO]: World async lighting: false
[01:36:26] [Server thread/INFO]: WorldServer TickNextTick cap set at 10000
[01:36:26] [Server thread/INFO]: WorldServer TickNextTickList cap always processes redstone: false
[01:36:26] [Server thread/INFO]: -------- World Settings For [world_nether] --------
[01:36:26] [Server thread/INFO]: Mob Spawn Range: 4
[01:36:26] [Server thread/INFO]: Anti X-Ray: true
[01:36:26] [Server thread/INFO]: 	Engine Mode: 1
[01:36:26] [Server thread/INFO]: 	Hidden Blocks: [14, 15, 16, 21, 48, 49, 54, 56, 73, 74, 82, 129, 130]
[01:36:26] [Server thread/INFO]: 	Replace Blocks: [1, 5]
[01:36:26] [Server thread/INFO]: Nerfing mobs spawned from spawners: false
[01:36:26] [Server thread/INFO]: Cactus Growth Modifier: 100%
[01:36:26] [Server thread/INFO]: Cane Growth Modifier: 100%
[01:36:26] [Server thread/INFO]: Melon Growth Modifier: 100%
[01:36:26] [Server thread/INFO]: Mushroom Growth Modifier: 100%
[01:36:26] [Server thread/INFO]: Pumpkin Growth Modifier: 100%
[01:36:26] [Server thread/INFO]: Sapling Growth Modifier: 100%
[01:36:26] [Server thread/INFO]: Wheat Growth Modifier: 100%
[01:36:26] [Server thread/INFO]: NetherWart Growth Modifier: 100%
[01:36:26] [Server thread/INFO]: Entity Activation Range: An 32 / Mo 32 / Mi 16
[01:36:26] [Server thread/INFO]: Entity Tracking Range: Pl 48 / An 48 / Mo 48 / Mi 32 / Other 64
[01:36:26] [Server thread/INFO]: Hopper Transfer: 8 Hopper Check: 8 Hopper Amount: 1
[01:36:26] [Server thread/INFO]: Random Lighting Updates: false
[01:36:26] [Server thread/INFO]: Structure Info Saving: true
[01:36:26] [Server thread/INFO]: Sending up to 10 chunks per packet
[01:36:26] [Server thread/INFO]: Max Entity Collisions: 8
[01:36:26] [Server thread/INFO]: Custom Map Seeds:  Village: 10387312 Feature: 14357617
[01:36:26] [Server thread/INFO]: Max TNT Explosions: 100
[01:36:26] [Server thread/INFO]: Tile Max Tick Time: 50ms Entity max Tick Time: 50ms
[01:36:26] [Server thread/INFO]: Item Despawn Rate: 6000
[01:36:26] [Server thread/INFO]: Item Merge Radius: 2.5
[01:36:26] [Server thread/INFO]: Arrow Despawn Rate: 1200
[01:36:26] [Server thread/INFO]: Allow Zombie Pigmen to spawn from portal blocks: true
[01:36:26] [Server thread/INFO]: View Distance: 4
[01:36:26] [Server thread/INFO]: Zombie Aggressive Towards Villager: true
[01:36:26] [Server thread/INFO]: Chunks to Grow per Tick: 650
[01:36:26] [Server thread/INFO]: Clear tick list: false
[01:36:26] [Server thread/INFO]: Experience Merge Radius: 3.0
[01:36:26] [Server thread/INFO]: -------- World Settings For [world_nether] --------
[01:36:26] [Server thread/INFO]: Squids will spawn between Y: 45.0 and Y: 63.0
[01:36:26] [Server thread/INFO]: Max height for cactus growth 3. Max height for reed growth 3
[01:36:26] [Server thread/INFO]: Player blocking damage multiplier set to 0.5
[01:36:26] [Server thread/INFO]: Remove invalid mob spawner tile entities: true
[01:36:26] [Server thread/INFO]: Living Entity Despawn Ranges:  Soft: 32 Hard: 128
[01:36:26] [Server thread/INFO]: Water over lava flow speed: 5
[01:36:26] [Server thread/INFO]: Fix TNT cannons: false
[01:36:26] [Server thread/INFO]: Allow undead horse types to be leashed: false
[01:36:26] [Server thread/INFO]: Keep spawn chunk loaded: true
[01:36:26] [Server thread/INFO]: World async lighting: false
[01:36:26] [Server thread/INFO]: WorldServer TickNextTick cap set at 10000
[01:36:26] [Server thread/INFO]: WorldServer TickNextTickList cap always processes redstone: false
[01:36:26] [Server thread/INFO]: -------- World Settings For [world_the_end] --------
[01:36:26] [Server thread/INFO]: Mob Spawn Range: 4
[01:36:26] [Server thread/INFO]: Anti X-Ray: true
[01:36:26] [Server thread/INFO]: 	Engine Mode: 1
[01:36:26] [Server thread/INFO]: 	Hidden Blocks: [14, 15, 16, 21, 48, 49, 54, 56, 73, 74, 82, 129, 130]
[01:36:26] [Server thread/INFO]: 	Replace Blocks: [1, 5]
[01:36:26] [Server thread/INFO]: Nerfing mobs spawned from spawners: false
[01:36:26] [Server thread/INFO]: Cactus Growth Modifier: 100%
[01:36:26] [Server thread/INFO]: Cane Growth Modifier: 100%
[01:36:26] [Server thread/INFO]: Melon Growth Modifier: 100%
[01:36:26] [Server thread/INFO]: Mushroom Growth Modifier: 100%
[01:36:26] [Server thread/INFO]: Pumpkin Growth Modifier: 100%
[01:36:26] [Server thread/INFO]: Sapling Growth Modifier: 100%
[01:36:26] [Server thread/INFO]: Wheat Growth Modifier: 100%
[01:36:26] [Server thread/INFO]: NetherWart Growth Modifier: 100%
[01:36:26] [Server thread/INFO]: Entity Activation Range: An 32 / Mo 32 / Mi 16
[01:36:26] [Server thread/INFO]: Entity Tracking Range: Pl 48 / An 48 / Mo 48 / Mi 32 / Other 64
[01:36:26] [Server thread/INFO]: Hopper Transfer: 8 Hopper Check: 8 Hopper Amount: 1
[01:36:26] [Server thread/INFO]: Random Lighting Updates: false
[01:36:26] [Server thread/INFO]: Structure Info Saving: true
[01:36:26] [Server thread/INFO]: Sending up to 10 chunks per packet
[01:36:26] [Server thread/INFO]: Max Entity Collisions: 8
[01:36:26] [Server thread/INFO]: Custom Map Seeds:  Village: 10387312 Feature: 14357617
[01:36:26] [Server thread/INFO]: Max TNT Explosions: 100
[01:36:26] [Server thread/INFO]: Tile Max Tick Time: 50ms Entity max Tick Time: 50ms
[01:36:26] [Server thread/INFO]: Item Despawn Rate: 6000
[01:36:26] [Server thread/INFO]: Item Merge Radius: 2.5
[01:36:26] [Server thread/INFO]: Arrow Despawn Rate: 1200
[01:36:26] [Server thread/INFO]: Allow Zombie Pigmen to spawn from portal blocks: true
[01:36:26] [Server thread/INFO]: View Distance: 4
[01:36:26] [Server thread/INFO]: Zombie Aggressive Towards Villager: true
[01:36:26] [Server thread/INFO]: Chunks to Grow per Tick: 650
[01:36:26] [Server thread/INFO]: Clear tick list: false
[01:36:26] [Server thread/INFO]: Experience Merge Radius: 3.0
[01:36:26] [Server thread/INFO]: -------- World Settings For [world_the_end] --------
[01:36:26] [Server thread/INFO]: Squids will spawn between Y: 45.0 and Y: 63.0
[01:36:26] [Server thread/INFO]: Max height for cactus growth 3. Max height for reed growth 3
[01:36:26] [Server thread/INFO]: Player blocking damage multiplier set to 0.5
[01:36:26] [Server thread/INFO]: Remove invalid mob spawner tile entities: true
[01:36:26] [Server thread/INFO]: Living Entity Despawn Ranges:  Soft: 32 Hard: 128
[01:36:26] [Server thread/INFO]: Water over lava flow speed: 5
[01:36:26] [Server thread/INFO]: Fix TNT cannons: false
[01:36:26] [Server thread/INFO]: Allow undead horse types to be leashed: false
[01:36:26] [Server thread/INFO]: Keep spawn chunk loaded: true
[01:36:26] [Server thread/INFO]: World async lighting: false
[01:36:26] [Server thread/INFO]: WorldServer TickNextTick cap set at 10000
[01:36:26] [Server thread/INFO]: WorldServer TickNextTickList cap always processes redstone: false
[01:36:26] [Server thread/INFO]: Preparing start region for level 0 (Seed: 6462833677818828678)
[01:36:27] [Server thread/INFO]: Preparing spawn area: 92%
[01:36:27] [Server thread/INFO]: Preparing start region for level 1 (Seed: 6462833677818828678)
[01:36:28] [Server thread/INFO]: Preparing start region for level 2 (Seed: 6462833677818828678)
[01:36:28] [Server thread/INFO]: [SimpleTpa] Enabling SimpleTpa v6.4
[01:36:28] [Server thread/INFO]: [0;33;1m[21m[SimpleTpa] If you need support contact me at https://discord.gg/SZUkza9[m

[01:36:28] [Server thread/INFO]: [0;33;1m[21m[SimpleTpa] Simple Tpa has been enabled on version 6.4[m

[01:36:28] [Server thread/INFO]: Enabled metrics. You may opt-out by changing plugins/bStats/config.yml
[01:36:28] [Server thread/INFO]: [[EaglerPluginInstaller]] Enabling EaglerPluginInstaller v1.1.4
[01:36:28] [Server thread/INFO]: Check 1 passed

[01:36:28] [Thread-6/INFO]: UUID of player Himothy_herobrin is 88aa14a4-9095-31e3-a02c-7cf9ec77ec94
[01:36:29] [Server thread/INFO]: Check 3 passed

[01:36:29] [Server thread/INFO]: --------------------------------------------[m

[01:36:29] [Server thread/INFO]: --------------------------------------------[m

[01:36:29] [Server thread/INFO]: [0;32;1m[EaglerPluginInstaller][0;36;1m EaglerPluginInstaller V1.1.5 is now Enabled! :D[m

[01:36:29] [Server thread/INFO]: To use PluginInstaller, run the command "/install <pluginname>" ("install <pluginname>" in console) to install a plugin[m

[01:36:29] [Server thread/INFO]: To get a list of installable plugins, use the command "/plist" or "plist" in console[m

[01:36:29] [Server thread/INFO]: You can request to add a new plugin to the database by going to https://github.com/darverdevs/PluginInstallerRepo/tree/main[m

[01:36:29] [Server thread/INFO]: and creating an issue or pull request of the plugin you want to add[m

[01:36:29] [Server thread/INFO]: --------------------------------------------[m

[01:36:29] [Server thread/INFO]: --------------------------------------------[m

[01:36:29] [Server thread/INFO]: [CrackShot] Enabling CrackShot v0.93
[01:36:29] [Server thread/INFO]: [CrackShot] Gun-mode activated. Boop!
[01:36:29] [Server thread/INFO]: [SimpleHomes] Enabling SimpleHomes v2.2
[01:36:29] [Server thread/INFO]: [Citizens] Enabling Citizens v2.0.8-SNAPSHOT (build 803)
[01:36:29] [Server thread/ERROR]: [Citizens] v2.0.8-SNAPSHOT (build 803) is not compatible with Minecraft v1.8.8. Disabling.
[01:36:29] [Server thread/INFO]: [Citizens] Disabling Citizens v2.0.8-SNAPSHOT (build 803)
[01:36:29] [Server thread/INFO]: [WorldEdit] Enabling WorldEdit v6.1;no_git_id
[01:36:29] [Server thread/INFO]: WEPIF: Using the Bukkit Permissions API.
[01:36:29] [Server thread/INFO]: [WorldEdit] Using com.sk89q.worldedit.bukkit.adapter.impl.Spigot_v1_8_R3 as the Bukkit adapter
[01:36:29] [Server thread/INFO]: [[EaglerPluginUpdater]] Enabling EaglerPluginUpdater v1.1.2
[01:36:29] [Server thread/INFO]: [[EaglerPluginInstaller]] Disabling EaglerPluginInstaller v1.1.4
[01:36:29] [Server thread/INFO]: --------------------------------------------[m

[01:36:29] [Server thread/INFO]: --------------------------------------------[m

[01:36:29] [Server thread/INFO]: [0;32;1m[EaglerPluginInstaller][0;36;1m PluginInstaller V1.1.5 is now Disabled! D:[m

[01:36:29] [Server thread/INFO]: --------------------------------------------[m

[01:36:29] [Server thread/INFO]: --------------------------------------------[m

[01:36:29] [Server thread/INFO]: [[EaglerPluginInstaller]] Enabling EaglerPluginInstaller v1.1.4
[01:36:29] [Server thread/INFO]: Check 1 passed

[01:36:29] [Server thread/INFO]: Check 3 passed

[01:36:29] [Server thread/INFO]: --------------------------------------------[m

[01:36:29] [Server thread/INFO]: --------------------------------------------[m

[01:36:29] [Server thread/INFO]: [0;32;1m[EaglerPluginInstaller][0;36;1m EaglerPluginInstaller V1.1.5 is now Enabled! :D[m

[01:36:29] [Server thread/INFO]: To use PluginInstaller, run the command "/install <pluginname>" ("install <pluginname>" in console) to install a plugin[m

[01:36:29] [Server thread/INFO]: To get a list of installable plugins, use the command "/plist" or "plist" in console[m

[01:36:29] [Server thread/INFO]: You can request to add a new plugin to the database by going to https://github.com/darverdevs/PluginInstallerRepo/tree/main[m

[01:36:29] [Server thread/INFO]: and creating an issue or pull request of the plugin you want to add[m

[01:36:29] [Server thread/INFO]: --------------------------------------------[m

[01:36:29] [Server thread/INFO]: --------------------------------------------[m

[01:36:29] [Server thread/INFO]: --------------------------------------------[m

[01:36:29] [Server thread/INFO]: --------------------------------------------[m

[01:36:29] [Server thread/INFO]: [0;32;1m[EaglerPluginUpdater][0;36;1m EaglerPluginUpdater V1.1.2 is now Enabled! :D[m

[01:36:29] [Server thread/INFO]: You do not need to do anything, this plugin will automatically update your PluginUpdater on startup[m

[01:36:29] [Server thread/INFO]: --------------------------------------------[m

[01:36:29] [Server thread/INFO]: --------------------------------------------[m

[01:36:29] [Server thread/INFO]: [LoginSecurity] Enabling LoginSecurity v3.2.0
[01:36:29] [Server thread/INFO]: [LoginSecurity] Loading base translations from "en_us"
[01:36:29] [Server thread/INFO]: [LoginSecurity] Loading specified translations from "en_us"
[01:36:29] [Server thread/INFO]: [LoginSecurity] Registering commands...
[01:36:29] [Server thread/INFO]: [LoginSecurity] Registering listeners...
[01:36:29] [Server thread/INFO]: Server permissions file permissions.yml is empty, ignoring it
[01:36:29] [Server thread/INFO]: Done (3.446s)! For help, type "help" or "?"
[01:36:29] [Server thread/INFO]: Timings Reset
[01:36:29] [Craft Scheduler Thread - 0/INFO]: [0;31;1m[21m[SimpleTpa] There is a new update available.[m

[01:36:29] [Craft Scheduler Thread - 0/INFO]: [0;31;1m[SimpleTpa] There is a new update available:[m

[01:36:29] [Craft Scheduler Thread - 0/INFO]: [0;31;1m[SimpleTpa] https://www.spigotmc.org/resources/simple-tpa.64270/[m

[01:36:30] [Server thread/INFO]: Himothy_herobrin[/[0:0:0:0:0:0:0:1]:46680] logged in with entity id 257 at ([world]-36.939073805389825, 81.0, -145.16416788677878)
[01:36:39] [Server thread/INFO]: Himothy_herobrin issued server command: /waypoint
[01:36:47] [Server thread/INFO]: Himothy_herobrin issued server command: /lac update
[01:36:47] [Craft Scheduler Thread - 0/INFO]: [LoginSecurity] Downloading file LoginSecurity-3.2.0-Bukkit (1).jar...
[01:36:47] [Craft Scheduler Thread - 0/INFO]: [LoginSecurity] Download complete!
[01:36:58] [Server thread/INFO]: Himothy_herobrin issued server command: /citizens
[01:37:59] [Server thread/INFO]: Unknown command. Type "/help" for help.[m

[01:38:01] [Server thread/INFO]: [0;33;1m----------[m Help: page 1/6  [0;33;1m--------------------[m[m

[01:38:01] [Server thread/INFO]: [0;37;22mType [0;36;1m//help <command> [<page>][0;37;22m for more information.[m

[01:38:01] [Server thread/INFO]: [0;33;22m//: [mToggle the super pickaxe function[m

[01:38:01] [Server thread/INFO]: [0;33;22m/.s: [mExecute last CraftScript[m

[01:38:01] [Server thread/INFO]: [0;33;22m/ascend: [mGo up a floor[m

[01:38:01] [Server thread/INFO]: [0;33;22m/biomeinfo: [mGet the biome of the targeted block.[m

[01:38:01] [Server thread/INFO]: [0;33;22m/biomelist: [mGets all biomes available.[m

[01:38:01] [Server thread/INFO]: [0;33;22m/brush: [mBrushing commands[m

[01:38:01] [Server thread/INFO]: [0;33;22m/butcher: [mKill all or nearby mobs[m

[01:38:01] [Server thread/INFO]: [0;33;22m//calc: [mEvaluate a mathematical expression[m

[01:38:01] [Server thread/INFO]: [0;33;22m/ceil: [mGo to the celing[m

[01:38:01] [Server thread/INFO]: [0;33;22m//center: [mSet the center block(s)[m

[01:38:01] [Server thread/INFO]: [0;33;22m//chunk: [mSet the selection to your current chunk.[m

[01:38:01] [Server thread/INFO]: [0;33;22m/chunkinfo: [mGet information about the chunk that you are inside[m

[01:38:01] [Server thread/INFO]: [0;33;22m/clearclipboard: [mClear your clipboard[m

[01:38:01] [Server thread/INFO]: [0;33;22m//clearhistory: [mClear your history[m

[01:38:01] [Server thread/INFO]: [0;33;22m//contract: [mContract the selection area[m

[01:38:01] [Server thread/INFO]: [0;33;22m//copy: [mCopy the selection to the clipboard[m

[01:38:01] [Server thread/INFO]: [0;33;22m//count: [mCounts the number of a certain type of block[m

[01:38:01] [Server thread/INFO]: [0;33;22m/cs: [mExecute a CraftScript[m

[01:38:01] [Server thread/INFO]: [0;33;22m//curve: [mDraws a spline through selected points[m

[01:38:01] [Server thread/INFO]: [0;33;22m//cut: [mCut the selection to the clipboard[m

[01:38:05] [Server thread/INFO]: Unknown command. Type "/help" for help.[m

[01:38:10] [Server thread/INFO]: Himothy_herobrin issued server command: //cut
[01:38:16] [Server thread/INFO]: Himothy_herobrin issued server command: /help
[01:38:32] [Server thread/INFO]: Himothy_herobrin issued server command: /bukkit
[01:38:35] [Server thread/INFO]: Himothy_herobrin issued server command: /help bukkit
[01:38:47] [Server thread/INFO]: Himothy_herobrin issued server command: /timing
[01:38:49] [Server thread/INFO]: Himothy_herobrin issued server command: /timings
